[tradermilionario.com.br/index.html]
[backblue.gif]
[fade.gif]
[index.html]
[static-public.klickpages.com.br/uploads/media/file/1322062/touro_verde.jpg]
[static-public.klickpages.com.br/app/assets/stylesheets/publishfbd2.css]
[apis.google.com/js/plus.js]
[apis.google.com/js/plusone.js]
[connect.facebook.net/en_US/fbevents.js]
[connect.facebook.net/pt_BR/sdk.js]
[static-public.klickpages.com.br/tmp/zip/188/styles/main.css]
[static-public.klickpages.com.br/tmp/zip/189/styles/main.css]
[static-public.klickpages.com.br/uploads/media/file/1324660/img_4293.jpg]
[static-public.klickpages.com.br/app/assets/javascripts/public/js/includefbd2.js]
[static-public.klickpages.com.br/tmp/zip/865/styles/maine911.css]
[static-public.klickpages.com.br/tmp/zip/1179/styles/maincd74.css]
[static-public.klickpages.com.br/tmp/zip/797/styles/mainb544.css]
[static-public.klickpages.com.br/uploads/media/file/1327284/captura_de_tela_2019-11-27_as_09.46.39.png]
[static-public.klickpages.com.br/uploads/media/file/1326150/captura_de_tela_2019-11-26_as_21.06.45.png]
[static-public.klickpages.com.br/uploads/media/file/1326188/captura_de_tela_2019-11-26_as_21.07.15.png]
[static-public.klickpages.com.br/uploads/media/file/1327283/captura_de_tela_2019-11-27_as_09.46.11.png]
[static-public.klickpages.com.br/tmp/zip/790/styles/main8943.css]
[static-public.klickpages.com.br/tmp/zip/197/styles/main.css]
[static-public.klickpages.com.br/uploads/media/file/1322915/garantia.png]
[static-public.klickpages.com.br/tmp/zip/1023/styles/main15f2.css]
[static-public.klickpages.com.br/tmp/zip/194/styles/main.css]
[static-public.klickpages.com.br/tmp/zip/194/images/01.png]
[static-public.klickpages.com.br/tmp/zip/194/images/04.png]
[static-public.klickpages.com.br/tmp/zip/194/images/05.png]
[static-public.klickpages.com.br/tmp/zip/194/images/06.png]
[static-public.klickpages.com.br/tmp/zip/194/images/08.png]
[static-public.klickpages.com.br/tmp/zip/194/images/09.png]
[static-public.klickpages.com.br/tmp/zip/955/styles/main8215.css]
[static-public.klickpages.com.br/uploads/media/file/1322116/teste_day_trade.jpg]
[static-public.klickpages.com.br/uploads/media/file/1977322/png-transparent-instagram-application-logo-logo-computer-icons-instagram-miscellaneous-text-trademark.png]
[static-public.klickpages.com.br/tmp/zip/805/styles/mainacfa.css]
[static-public.klickpages.com.br/tmp/zip/954/styles/main9fb8.css]
[tradermilionario.com.br/termos.html]
[tradermilionario.com.br/cdn-cgi/l/email-protection.html]
[static-public.klickpages.com.br/tmp/zip/954/images/bg9fb8.jpg]
[tradermilionario.com.br/cdn-cgi/scripts/5c5dd728/cloudflare-static/email-decode.min.js]
[static-public.klickpages.com.br/app/assets/javascripts/public/js/body/endfbd2.js]
[static-public.klickpages.com.br/app/assets/javascripts/libs/libsfbd2.js]
[ajax.cloudflare.com/cdn-cgi/scripts/7089c43e/cloudflare-static/rocket-loader.min.js]
[tradermilionario.com.br/index.html]
[static-public.klickpages.com.br/app/assets/stylesheets/publishfbd2.css]
[tradermilionario.com.br/POST.2a.delayed]
[connect.facebook.net/en_US/fbevents.js]
[connect.facebook.net/pt_BR/sdk.js]
[static-public.klickpages.com.br/app/assets/javascripts/public/js/body/beginfbd2.js]
[static-public.klickpages.com.br/tmp/zip/188/styles/main.css]
[static-public.klickpages.com.br/tmp/zip/189/styles/main.css]
[static-public.klickpages.com.br/tmp/zip/865/styles/maine911.css]
[static-public.klickpages.com.br/tmp/zip/1179/styles/maincd74.css]
[static-public.klickpages.com.br/tmp/zip/797/styles/mainb544.css]
[static-public.klickpages.com.br/tmp/zip/790/styles/main8943.css]
[static-public.klickpages.com.br/tmp/zip/197/styles/main.css]
[static-public.klickpages.com.br/tmp/zip/197/images/bg.html]
[static-public.klickpages.com.br/tmp/zip/1023/styles/main15f2.css]
[static-public.klickpages.com.br/tmp/zip/194/styles/main.css]
[static-public.klickpages.com.br/tmp/zip/955/styles/main8215.css]
[static-public.klickpages.com.br/tmp/zip/805/styles/mainacfa.css]
[static-public.klickpages.com.br/app/assets/stylesheets/publish4f04.css]
[static-public.klickpages.com.br/tmp/zip/1289/styles/main379c.css]
[static-public.klickpages.com.br/app/assets/javascripts/public/js/body/end4f04.js]
[tradermilionario.com.br/termos.html]
[static-public.klickpages.com.br/tmp/zip/954/styles/main9fb8.css]
[tradermilionario.com.br/cdn-cgi/l/email-protection.html]
[tradermilionario.com.br/POST.html]
[klickart-prod.s3.amazonaws.com/tmp/zip/194/images/ico/lock.png]
[static-public.klickpages.com.br/app/assets/javascripts/libs/libs4f04.js]
[static-public.klickpages.com.br/app/assets/stylesheets/fancybox_sprite.png]
[static-public.klickpages.com.br/app/assets/stylesheets/fancybox_loading.gif]
[static-public.klickpages.com.br/app/assets/stylesheets/blank.gif]
[static-public.klickpages.com.br/app/assets/stylesheets/fancybox_overlay.png]
[static-public.klickpages.com.br/app/assets/stylesheets/fancybox_sprite@2x.png]
[static-public.klickpages.com.br/app/assets/javascripts/public/js/include4f04.js]
[static-public.klickpages.com.br/app/assets/stylesheets/fancybox_loading@2x.gif]
[static-public.klickpages.com.br/app/assets/stylesheets/images/bx_loader.gif]
[static-public.klickpages.com.br/app/assets/stylesheets/images/controls.png]
[static-public.klickpages.com.br/app/assets/stylesheets/launchblog/error-video.svg]
[static-public.klickpages.com.br/app/assets/stylesheets/launchblog/error-protection.svg]
[static-public.klickpages.com.br/app/assets/stylesheets/publish4f04.css]
[static-public.klickpages.com.br/app/assets/javascripts/public/js/body/begin4f04.js]
[static-public.klickpages.com.br/tmp/zip/1289/styles/main379c.css]
[static-public.klickpages.com.br/app/assets/stylesheets/fancybox_sprite.png]
[static-public.klickpages.com.br/app/assets/stylesheets/fancybox_loading.gif]
[static-public.klickpages.com.br/app/assets/stylesheets/blank.gif]
[static-public.klickpages.com.br/app/assets/stylesheets/fancybox_overlay.png]
[static-public.klickpages.com.br/app/assets/stylesheets/fancybox_sprite@2x.png]
[static-public.klickpages.com.br/app/assets/stylesheets/fancybox_loading@2x.gif]
[static-public.klickpages.com.br/app/assets/stylesheets/images/bx_loader.gif]
[static-public.klickpages.com.br/app/assets/stylesheets/images/controls.png]
[static-public.klickpages.com.br/app/assets/stylesheets/logos/logo-kp-white.html]
[static-public.klickpages.com.br/app/assets/stylesheets/launchblog/error-video.svg]
[static-public.klickpages.com.br/app/assets/stylesheets/launchblog/error-protection.svg]
[static-public.klickpages.com.br/app/assets/stylesheets/launchblog/error-sale.svg]
[static-public.klickpages.com.br/app/assets/stylesheets/launchblog/error-sale.svg]
